youtube Fr5Z_SEsG9E
youtube zWm4qfdFfgk
youtube LqwrKQrqPiM
youtube AKN-DhDjsds
youtube TLq6y5g-Piw
youtube wDt8wsN7n-c
youtube Q8SDt7V4HQM
youtube USu6e_6Z4f0
youtube 20sBMyjGuN8
youtube J-TJPxkKJIY
youtube qNbAlgIUl10
youtube T7Bbfr_2aQk
youtube sv1PbfQcwfE
youtube _jhvGf7Kk-s
youtube qne6oXuugrI
youtube 25yLmmftmlo
youtube kPcvE56-mtY
youtube u8I7lygFB28
youtube ppV_20wuEOk
youtube wQofoZ37EMM
youtube i36UPs1tRog
youtube 5gZCF5MClaw
youtube QgjfBQHuv5M
youtube T4Elkb2z0Y0
youtube UDG0i0tltUw
youtube iQt8TXbHaYw
youtube cfuPWgfSFts
youtube cxSYDATiBH8
youtube NAsZ7shHFis
youtube 4qlTycmROAA
youtube yGpnip-_jOI
youtube Alkwwt5OwVo
youtube yh18EkEv_LE
youtube 5m-4OqiCLjk
youtube M3E-mWFozvM
youtube Qz-XAnbwHMQ
youtube YpiBYh5rY5I
youtube exhexMLf888
youtube hzcvtQsEHVY
youtube mSV5zWMBOC8
youtube GyTrus_pJEg
youtube GPitMNwQU-Y
youtube KZi-4znbmXI
youtube o8H-zxsHP0w
youtube 0uNXcpKo9oE
youtube pWMm2LcIEKE
youtube 0aWdQNnQb-U
youtube qRP7IIUtJe8
youtube UMkUWlJoGRY
youtube 3iiBtaZoS_0
youtube vqnoNwhfREA
youtube C0fjCLTK6Dw
youtube HdDo0stU0As
youtube XLNWtnHBO5k
youtube YyikOAXa_7s
youtube 9pvbCQzlhjo
youtube EYfMFne-cmc
youtube wqeoe2c7qzw
youtube IHgWl3K2lvk
youtube yLS-AUGA0N0
youtube aQBjzToQCok
youtube Lv4gl4ZicAk
youtube iL6c_MU3dwQ
youtube aRkxSSUr8Dg
youtube uleCxH4U0SU
youtube Peoktcl2fIQ
youtube gfvMO3NTjdg
youtube 781Ga8nNAG8
youtube swR_mpmrBmE
youtube YCNmE5rzP9w
youtube GSwspJhLWX4
youtube JVquAGImWM8
youtube 0I-vE2vi-r8
youtube wbnadUOQv9s
youtube UqKZWPy29mo
youtube 3PWzu_GOfas
youtube hw89uNVsZao
youtube npF3u2WQMkQ
youtube ou64gA-i52o
youtube nh2Wid6gmLg
youtube Ah2no1iTrtk
youtube UxMAEXIHGTg
youtube 9aNiDIyp6rA
youtube jNhT9RNHacw
youtube cJB1qx2iLAE
youtube 97VbMnXcva0
youtube 6T1vbQbdEJw
youtube _1eQTdJ4q50
youtube wSH0OEuMpKk
youtube 756FTEg27yY
youtube 8TmnBxmyELw
youtube nzlE2ZFzO1g
youtube 2Yh0LUW-LB0
youtube z9IqskZnso4
youtube sGBRSHYBR5Q
youtube I-jGwqyLB30
youtube zoM8Cxz1TA0
youtube TFUV8vnf3qk
youtube 58szWCx60iY
youtube VW0GwUat3HY
youtube vqr97IT3Qko
youtube OWVe73bsj58
youtube C3OvhMUls2s
youtube whYlvgnHarc
youtube 1jR_gS9Scx0
youtube pt8ePNyceFo
youtube TpZgnFRsB5k
youtube 0w3M-O4L4oM
youtube y3Da82tXkZE
youtube pn_iMqYNpJ8
youtube Ldt_vf5ZDGc
youtube HjtZJP8PmVw
youtube gwl2Fc0xEGU
youtube c7z1Vjq149E
youtube 3k_0dtek7vk
youtube CrzEyU7DSS0
youtube aUta-IhleoE
youtube Wllz1svKl1Y
youtube 38OPANyZoWE
youtube ZOXv89k2K6M
youtube zba21sAV19U
youtube oNSWKl_JVdg
youtube oHW2QK-MPFE
youtube f5w8RKhTJe0
youtube O1-i3PwnVVg
youtube MT4SAzZB_NI
youtube V6d0OM89fkQ
youtube xooqwfhi4QY
youtube OhA2soG-izk
youtube NVWN9tLFrfI
youtube wduyvZnqkZo
youtube 13K54IiNKaw
youtube JrSI-dnACRE
youtube tC_eDC63GmM
youtube tebA9repj5w
youtube GSqtrh-931A
youtube fyjqnCUEvLY
youtube R11-At-TZPw
youtube T0AIYHu_m4I
youtube _H-tz-MQSbQ
youtube fwPtcSYoVUM
youtube 4gqFrfPY-1E
youtube 1XKRmQ6QwSs
youtube hInba8aDPEM
youtube hrsTn0P7_3U
youtube TIPOJ1csG9A
youtube 5YN7-ofOuus
youtube yqmxT2Sg1I0
youtube ndE741Gmigw
youtube DmWoXDaDHMI
youtube Nj6viuu3Li4
youtube i3URd45ZVE8
youtube on7pLH61MQU
youtube UKom-cMPxFw
youtube GrJg-w-4DJk
youtube a5gzzCxXoNc
youtube e_2owwAgqq8
youtube lVtqDVqdoqo
youtube SqUQ6oFqbZs
youtube o9h5w2XdzWI
youtube -T2xWMCaBp0
youtube f2oK4OrhQRs
youtube LZR-FJSB_kc
youtube jhOTfHolQs4
youtube CclfipycW4A
youtube hVe30rz3DgY
youtube zuwn8Q_Qh3Q
youtube Bd-zJlHASE4
youtube wCxvzLXrzGE
youtube M-Hj0GUuHDg
youtube W8TDI_MCAKQ
youtube 8y9zA55bzyA
youtube lLSM7zXmKvw
youtube taFZYx-5IhE
youtube l_eINxg9608
youtube EULBhr_SbVM
youtube AI43CuWQbPs
youtube 1GbDVmgBsBc
youtube nkoc_BrtGMo
youtube 7SDNPCs9i3Y
youtube EQe0-eWi-rg
youtube nvbK45tT6No
youtube 1qkI6a3_Cr0
youtube bPw_q-A4svs
youtube rUaSA0hnS1Y
youtube q-dRcuF8rXY
youtube tLCYgK3Lt4E
youtube KSb2NOsfoaw
youtube YhcFx_3o7-A
youtube iDCB3P-P5tY
youtube 85oxENyhCXM
